  GSMenu.cpp
E:\Hoc\TTGL\BT\TTGameloft\Programming_Demo\TrainingFramework\src\GameStates\GSMenu.cpp(26,60): warning C4244: 'argument': conversion from 'int' to 'GLfloat', possible loss of data
E:\Hoc\TTGL\BT\TTGameloft\Programming_Demo\TrainingFramework\src\GameStates\GSMenu.cpp(26,42): warning C4244: 'argument': conversion from 'int' to 'GLfloat', possible loss of data
E:\Hoc\TTGL\BT\TTGameloft\Programming_Demo\TrainingFramework\src\GameStates\GSMenu.cpp(31,36): warning C4244: 'argument': conversion from 'int' to 'GLfloat', possible loss of data
E:\Hoc\TTGL\BT\TTGameloft\Programming_Demo\TrainingFramework\src\GameStates\GSMenu.cpp(37,36): warning C4244: 'argument': conversion from 'int' to 'GLfloat', possible loss of data
E:\Hoc\TTGL\BT\TTGameloft\Programming_Demo\TrainingFramework\src\GameStates\GSMenu.cpp(47,36): warning C4244: 'argument': conversion from 'int' to 'GLfloat', possible loss of data
E:\Hoc\TTGL\BT\TTGameloft\Programming_Demo\TrainingFramework\src\GameStates\GSMenu.cpp(61,57): warning C4244: 'argument': conversion from 'unsigned int' to 'GLfloat', possible loss of data
D:\Tool\Visual Studio\2019\Community\VC\Tools\MSVC\14.27.29110\include\xmemory(230,33): warning C4244: 'argument': conversion from '_Ty' to 'float', possible loss of data
          with
          [
              _Ty=double
          ]
D:\Tool\Visual Studio\2019\Community\VC\Tools\MSVC\14.27.29110\include\memory(1428): message : see reference to function template instantiation 'void std::_Construct_in_place<_Ty,std::shared_ptr<Shaders>&,std::shared_ptr<Font>&,std::string&,TEXT_COLOR,double>(_Ty &,std::shared_ptr<Shaders> &,std::shared_ptr<Font> &,std::string &,TEXT_COLOR &&,double &&) noexcept(false)' being compiled
          with
          [
              _Ty=Text
          ]
D:\Tool\Visual Studio\2019\Community\VC\Tools\MSVC\14.27.29110\include\memory(2072): message : see reference to function template instantiation 'std::_Ref_count_obj2<_Ty>::_Ref_count_obj2<std::shared_ptr<Shaders>&,std::shared_ptr<Font>&,std::string&,TEXT_COLOR,double>(std::shared_ptr<Shaders> &,std::shared_ptr<Font> &,std::string &,TEXT_COLOR &&,double &&)' being compiled
          with
          [
              _Ty=Text
          ]
D:\Tool\Visual Studio\2019\Community\VC\Tools\MSVC\14.27.29110\include\memory(2072): message : see reference to function template instantiation 'std::_Ref_count_obj2<_Ty>::_Ref_count_obj2<std::shared_ptr<Shaders>&,std::shared_ptr<Font>&,std::string&,TEXT_COLOR,double>(std::shared_ptr<Shaders> &,std::shared_ptr<Font> &,std::string &,TEXT_COLOR &&,double &&)' being compiled
          with
          [
              _Ty=Text
          ]
E:\Hoc\TTGL\BT\TTGameloft\Programming_Demo\TrainingFramework\src\GameStates\GSMenu.cpp(60): message : see reference to function template instantiation 'std::shared_ptr<Text> std::make_shared<Text,std::shared_ptr<Shaders>&,std::shared_ptr<Font>&,std::string&,TEXT_COLOR,double>(std::shared_ptr<Shaders> &,std::shared_ptr<Font> &,std::string &,TEXT_COLOR &&,double &&)' being compiled
LINK : warning LNK4098: defaultlib 'LIBCMT' conflicts with use of other libs; use /NODEFAULTLIB:library
  Generating code
  1 of 1397 functions (<0.1%) were compiled, the rest were copied from previous compilation.
    0 functions were new in current compilation
    5 functions had inline decision re-evaluated but remain unchanged
  Finished generating code
  TrainingFramework.vcxproj -> E:\Hoc\TTGL\BT\TTGameloft\Programming_Demo\\BIN-Nvidia\TrainingFramework.exe
